<?xml version="1.0" encoding="UTF-8"?>
<!-- Generated by org.testng.reporters.JUnitReportReporter -->
<testsuite hostname="human-PC" name="com.ctry.tests.Erp_login_1_loginFF" tests="1" failures="0" timestamp="18 Feb 2016 09:34:21 GMT" time="10.738" errors="0">
  <testcase name="loginByFireFox" time="10.738" classname="com.ctry.tests.Erp_login_1_loginFF"/>
</testsuite> <!-- com.ctry.tests.Erp_login_1_loginFF -->
