<?xml version="1.0" encoding="UTF-8"?>
<!-- Generated by org.testng.reporters.JUnitReportReporter -->
<testsuite hostname="human-PC" name="com.ctry.tests.Test2" tests="1" failures="0" timestamp="3 Feb 2016 05:16:54 GMT" time="11.474" errors="0">
  <testcase name="loginByDrivers" time="11.474" classname="com.ctry.tests.Test2"/>
</testsuite> <!-- com.ctry.tests.Test2 -->
