<?xml version="1.0" encoding="UTF-8"?>
<!-- Generated by org.testng.reporters.JUnitReportReporter -->
<testsuite hostname="human-PC" name="com.ctry.tests.Erp_dish_3_switchDC" tests="1" failures="0" timestamp="18 Feb 2016 09:34:21 GMT" time="74.676" errors="0">
  <testcase name="swichDishCategory" time="74.676" classname="com.ctry.tests.Erp_dish_3_switchDC"/>
</testsuite> <!-- com.ctry.tests.Erp_dish_3_switchDC -->
