<?xml version="1.0" encoding="UTF-8"?>
<!-- Generated by org.testng.reporters.JUnitReportReporter -->
<testsuite hostname="human-PC" name="com.ctry.tests.NewTest" tests="1" failures="0" timestamp="3 Feb 2016 07:03:39 GMT" time="9.909" errors="0">
  <testcase name="f" time="9.909" classname="com.ctry.tests.NewTest"/>
</testsuite> <!-- com.ctry.tests.NewTest -->
